0 info it worked if it ends with ok
1 verbose cli [ 'node', '/usr/local/bin/npm', 'install', '-g', 'ios-sim' ]
2 info using npm@1.4.28
3 info using node@v0.10.33
4 verbose cache add [ 'ios-sim', null ]
5 verbose cache add name=undefined spec="ios-sim" args=["ios-sim",null]
6 verbose parsed url { protocol: null,
6 verbose parsed url   slashes: null,
6 verbose parsed url   auth: null,
6 verbose parsed url   host: null,
6 verbose parsed url   port: null,
6 verbose parsed url   hostname: null,
6 verbose parsed url   hash: null,
6 verbose parsed url   search: null,
6 verbose parsed url   query: null,
6 verbose parsed url   pathname: 'ios-sim',
6 verbose parsed url   path: 'ios-sim',
6 verbose parsed url   href: 'ios-sim' }
7 silly lockFile 6af69284-ios-sim ios-sim
8 verbose lock ios-sim /Users/normanwhite/.npm/6af69284-ios-sim.lock
9 silly lockFile 6af69284-ios-sim ios-sim
10 silly lockFile 6af69284-ios-sim ios-sim
11 verbose addNamed [ 'ios-sim', '' ]
12 verbose addNamed [ null, '*' ]
13 silly lockFile 03dce7cc-ios-sim ios-sim@
14 verbose lock ios-sim@ /Users/normanwhite/.npm/03dce7cc-ios-sim.lock
15 silly addNameRange { name: 'ios-sim', range: '*', hasData: false }
16 verbose request where is /ios-sim
17 verbose request registry https://registry.npmjs.org/
18 verbose request id 824d766101edb3fa
19 verbose url raw /ios-sim
20 verbose url resolving [ 'https://registry.npmjs.org/', './ios-sim' ]
21 verbose url resolved https://registry.npmjs.org/ios-sim
22 verbose request where is https://registry.npmjs.org/ios-sim
23 info trying registry request attempt 1 at 18:02:06
24 verbose etag "2R6J7A4ZBQW9Z2CH6M04L6VT0"
25 http GET https://registry.npmjs.org/ios-sim
26 http 304 https://registry.npmjs.org/ios-sim
27 silly registry.get cb [ 304,
27 silly registry.get   { date: 'Fri, 31 Oct 2014 22:02:06 GMT',
27 silly registry.get     server: 'Apache',
27 silly registry.get     via: '1.1 varnish',
27 silly registry.get     'last-modified': 'Fri, 31 Oct 2014 22:02:06 GMT',
27 silly registry.get     'cache-control': 'max-age=60',
27 silly registry.get     etag: '"2R6J7A4ZBQW9Z2CH6M04L6VT0"',
27 silly registry.get     age: '25',
27 silly registry.get     'x-served-by': 'cache-atl6224-ATL',
27 silly registry.get     'x-cache': 'HIT',
27 silly registry.get     'x-cache-hits': '1',
27 silly registry.get     'x-timer': 'S1414792926.347243,VS0,VE0',
27 silly registry.get     vary: 'Accept',
27 silly registry.get     'content-length': '0',
27 silly registry.get     'keep-alive': 'timeout=10, max=50',
27 silly registry.get     connection: 'Keep-Alive' } ]
28 verbose etag https://registry.npmjs.org/ios-sim from cache
29 silly addNameRange number 2 { name: 'ios-sim', range: '*', hasData: true }
30 silly addNameRange versions [ 'ios-sim',
30 silly addNameRange   [ '1.8.0', '1.8.1', '1.8.2', '1.9.0', '2.0.0', '2.0.1', '3.0.0' ] ]
31 verbose addNamed [ 'ios-sim', '3.0.0' ]
32 verbose addNamed [ '3.0.0', '3.0.0' ]
33 silly lockFile 9832a462-ios-sim-3-0-0 ios-sim@3.0.0
34 verbose lock ios-sim@3.0.0 /Users/normanwhite/.npm/9832a462-ios-sim-3-0-0.lock
35 silly lockFile 9832a462-ios-sim-3-0-0 ios-sim@3.0.0
36 silly lockFile 9832a462-ios-sim-3-0-0 ios-sim@3.0.0
37 silly lockFile 03dce7cc-ios-sim ios-sim@
38 silly lockFile 03dce7cc-ios-sim ios-sim@
39 silly resolved [ { name: 'ios-sim',
39 silly resolved     version: '3.0.0',
39 silly resolved     description: 'launch iOS apps into the iOS Simulator from the command line (Xcode 6.0)',
39 silly resolved     main: 'ios-sim',
39 silly resolved     scripts: { preinstall: 'rake build' },
39 silly resolved     bin: { 'ios-sim': 'build/Release/ios-sim' },
39 silly resolved     repository: { type: 'git', url: 'https://github.com/phonegap/ios-sim' },
39 silly resolved     keywords: [ 'ios-sim', 'iOS Simulator' ],
39 silly resolved     author: { name: 'Landon Fuller, Jeff Haynie, Eloy Duran, Shazron Abdullah' },
39 silly resolved     license: 'MIT',
39 silly resolved     gitHead: 'edc5fd5543604684349292fd9290bbec57062655',
39 silly resolved     bugs: { url: 'https://github.com/phonegap/ios-sim/issues' },
39 silly resolved     homepage: 'https://github.com/phonegap/ios-sim',
39 silly resolved     _id: 'ios-sim@3.0.0',
39 silly resolved     _shasum: 'ee78c244feb8c6b944dc6e4cfe7cbee3de6574ab',
39 silly resolved     _from: 'ios-sim@',
39 silly resolved     _npmVersion: '1.4.21',
39 silly resolved     _npmUser: { name: 'shazron', email: 'shazron@gmail.com' },
39 silly resolved     maintainers: [ [Object] ],
39 silly resolved     dist:
39 silly resolved      { shasum: 'ee78c244feb8c6b944dc6e4cfe7cbee3de6574ab',
39 silly resolved        tarball: 'http://registry.npmjs.org/ios-sim/-/ios-sim-3.0.0.tgz' },
39 silly resolved     directories: {},
39 silly resolved     _resolved: 'https://registry.npmjs.org/ios-sim/-/ios-sim-3.0.0.tgz',
39 silly resolved     readme: 'ERROR: No README data found!' } ]
40 info install ios-sim@3.0.0 into /usr/local/lib
41 info installOne ios-sim@3.0.0
42 verbose lib/node_modules/ios-sim unbuild
43 verbose tar unpack /Users/normanwhite/.npm/ios-sim/3.0.0/package.tgz
44 silly lockFile 5027580f-r-local-lib-node-modules-ios-sim tar:///usr/local/lib/node_modules/ios-sim
45 verbose lock tar:///usr/local/lib/node_modules/ios-sim /Users/normanwhite/.npm/5027580f-r-local-lib-node-modules-ios-sim.lock
46 silly lockFile 6581079d-te-npm-ios-sim-3-0-0-package-tgz tar:///Users/normanwhite/.npm/ios-sim/3.0.0/package.tgz
47 verbose lock tar:///Users/normanwhite/.npm/ios-sim/3.0.0/package.tgz /Users/normanwhite/.npm/6581079d-te-npm-ios-sim-3-0-0-package-tgz.lock
48 silly gunzTarPerm modes [ '755', '644' ]
49 error Error: EACCES, mkdir '/usr/local/lib/node_modules/ios-sim'
49 error  { [Error: EACCES, mkdir '/usr/local/lib/node_modules/ios-sim']
49 error   errno: 3,
49 error   code: 'EACCES',
49 error   path: '/usr/local/lib/node_modules/ios-sim',
49 error   fstream_type: 'Directory',
49 error   fstream_path: '/usr/local/lib/node_modules/ios-sim',
49 error   fstream_class: 'DirWriter',
49 error   fstream_stack:
49 error    [ '/usr/local/lib/node_modules/npm/node_modules/fstream/lib/dir-writer.js:36:23',
49 error      '/usr/local/lib/node_modules/npm/node_modules/mkdirp/index.js:46:53',
49 error      'Object.oncomplete (fs.js:107:15)' ] }
50 error Please try running this command again as root/Administrator.
51 error System Darwin 12.5.0
52 error command "node" "/usr/local/bin/npm" "install" "-g" "ios-sim"
53 error cwd /Users/normanwhite/tictacjq
54 error node -v v0.10.33
55 error npm -v 1.4.28
56 error path /usr/local/lib/node_modules/ios-sim
57 error fstream_path /usr/local/lib/node_modules/ios-sim
58 error fstream_type Directory
59 error fstream_class DirWriter
60 error code EACCES
61 error errno 3
62 error stack Error: EACCES, mkdir '/usr/local/lib/node_modules/ios-sim'
63 error fstream_stack /usr/local/lib/node_modules/npm/node_modules/fstream/lib/dir-writer.js:36:23
63 error fstream_stack /usr/local/lib/node_modules/npm/node_modules/mkdirp/index.js:46:53
63 error fstream_stack Object.oncomplete (fs.js:107:15)
64 verbose exit [ 3, true ]
